2023-09-15T17:39:18.323Z [error]: Edit index does not exist
2023-09-15T17:40:45.419Z [error]: Edit index does not exist
2023-09-15T17:45:10.596Z [error]: Edit index does not exist
2023-09-15T17:51:45.036Z [error]: Edit index does not exist
2023-09-15T17:53:43.736Z [error]: Edit ID not found: [object Object]
2023-09-15T17:53:43.775Z [error]: Edit ID not found: [object Object]
2023-09-15T17:59:53.632Z [error]: Edit ID not found: [object Object]
2023-09-15T17:59:53.722Z [error]: Edit ID not found: [object Object]
2023-09-15T18:02:44.511Z [error]: Edit ID not found: [object Object]
2023-09-15T18:02:44.603Z [error]: Edit ID not found: [object Object]
2023-09-15T18:04:16.532Z [error]: Edit ID not found: [object Object]
2023-09-15T18:04:16.575Z [error]: Edit ID not found: [object Object]
2023-09-15T18:05:27.858Z [error]: Edit ID not found: [object Object]
2023-09-15T18:05:27.918Z [error]: Edit ID not found: [object Object]
2023-09-15T18:06:40.120Z [error]: Edit ID not found: [object Object]
2023-09-15T18:06:40.160Z [error]: Edit ID not found: [object Object]
2023-09-15T18:10:28.053Z [error]: Edit ID not found: [object Object]
2023-09-15T18:10:28.097Z [error]: Edit ID not found: [object Object]
2023-09-15T18:13:14.206Z [error]: Edit ID not found: [object Object]
2023-09-15T18:13:14.260Z [error]: Edit ID not found: [object Object]
2023-09-15T18:14:15.753Z [error]: Edit ID not found: [object Object]
2023-09-15T18:14:15.790Z [error]: Edit ID not found: [object Object]
2023-09-15T18:16:19.485Z [error]: Edit ID not found: 999
2023-09-15T18:20:15.671Z [error]: Edit ID not found: 999
2023-09-15T18:21:24.007Z [error]: Edit ID not found: 999
2023-09-15T18:24:38.783Z [error]: Edit ID not found: 999
2023-09-15T18:26:33.998Z [error]: Edit ID not found: 999
2023-09-15T18:30:51.024Z [error]: Edit ID not found: 999
2023-09-15T18:31:51.626Z [error]: Edit ID not found: 999
2023-09-15T18:32:19.461Z [error]: Edit ID not found: 999
2023-09-15T18:40:16.190Z [error]: Edit ID not found: 999
2023-09-15T18:42:45.951Z [error]: Edit ID not found: 999
2023-09-15T20:21:06.540Z [error]: Invalid request data: 
2023-09-15T20:21:06.555Z [error]: Invalid request data: 
2023-09-15T20:21:06.562Z [error]: DELETE: Invalid request data: 
2023-09-15T20:21:06.570Z [error]: DELETE: Invalid request data: 
2023-09-15T20:27:43.726Z [error]: Edit ID not found: undefined
2023-09-15T20:27:43.765Z [error]: Edit ID not found: null
2023-09-15T20:27:43.778Z [error]: DELETE: Invalid index: NaN
2023-09-15T20:30:37.802Z [error]: Edit ID not found: null
2023-09-15T20:30:37.814Z [error]: DELETE: Invalid index: NaN
2023-09-15T20:32:05.731Z [error]: Edit ID not found: null
2023-09-15T20:32:31.123Z [error]: Edit ID not found: null
2023-09-15T20:36:50.531Z [error]: Edit ID not found: null
2023-09-15T20:42:12.407Z [error]: Edit ID not found: null
2023-09-15T20:43:23.703Z [error]: Edit ID not found: null
2023-09-15T21:05:18.716Z [error]: Edit ID not found: null
